<?xml version="1.0" encoding="UTF-8"?>
<!-- Generated by org.testng.reporters.JUnitReportReporter -->
<testsuite hostname="SuganyaKumarasamy" failures="0" tests="1" name="com.Assignment.Assignment" time="2.259" errors="0" timestamp="2023-11-01T18:40:31 IST" skipped="0">
  <testcase classname="com.Assignment.Assignment" name="userLogin" time="2.259"/>
</testsuite> <!-- com.Assignment.Assignment -->
