<?xml version="1.0" encoding="UTF-8"?>
<!-- Generated by org.testng.reporters.JUnitReportReporter -->
<testsuite hostname="SuganyaKumarasamy" failures="0" tests="1" name="com.Assignment.Users" time="2.706" errors="0" timestamp="2023-11-01T19:25:23 IST" skipped="0">
  <testcase classname="com.Assignment.Users" name="userLogin" time="2.706"/>
</testsuite> <!-- com.Assignment.Users -->
