<?xml version="1.0" encoding="UTF-8"?>
<!-- Generated by org.testng.reporters.JUnitReportReporter -->
<testsuite hostname="SuganyaKumarasamy" failures="0" tests="1" name="com.Assignment.GetRequestExampleTwo" time="3.764" errors="0" timestamp="2023-11-01T13:04:54 IST" skipped="0">
  <testcase classname="com.Assignment.GetRequestExampleTwo" name="JsonPathUsage" time="3.764"/>
</testsuite> <!-- com.Assignment.GetRequestExampleTwo -->
