<?xml version="1.0" encoding="UTF-8"?>
<!-- Generated by org.testng.reporters.JUnitReportReporter -->
<testsuite hostname="SuganyaKumarasamy" failures="0" tests="1" name="com.Assignment.ReqRes" time="2.537" errors="0" timestamp="2023-11-01T13:29:30 IST" skipped="0">
  <testcase classname="com.Assignment.ReqRes" name="IterateJSONArray" time="2.537"/>
</testsuite> <!-- com.Assignment.ReqRes -->
