<?xml version="1.0" encoding="UTF-8"?>
<!-- Generated by org.testng.reporters.JUnitReportReporter -->
<testsuite hostname="SuganyaKumarasamy" failures="0" tests="1" name="com.Assignment.sample" time="3.943" errors="0" timestamp="2023-11-01T19:40:53 IST" skipped="0">
  <testcase classname="com.Assignment.sample" name="userLogin" time="3.943"/>
</testsuite> <!-- com.Assignment.sample -->
