<?xml version="1.0" encoding="UTF-8"?>
<!-- Generated by org.testng.reporters.JUnitReportReporter -->
<testsuite hostname="SuganyaKumarasamy" failures="0" tests="1" name="com.Assignment.GetRequest" time="2.130" errors="0" timestamp="2023-11-01T12:38:02 IST" skipped="0">
  <testcase classname="com.Assignment.GetRequest" name="getSingleUser" time="2.130"/>
</testsuite> <!-- com.Assignment.GetRequest -->
